#
# A fatal error has been detected by the Java Runtime Environment:
#
#  SIGSEGV (0xb) at pc=0x0000000108768cea, pid=16086, tid=0x0000000000011b1f
#
# JRE version: OpenJDK Runtime Environment (8.0_345) (build 1.8.0_345-bre_2022_08_04_23_33-b00)
# Java VM: OpenJDK 64-Bit Server VM (25.345-b00 mixed mode bsd-amd64 compressed oops)
# Problematic frame:
# V  [libjvm.dylib+0x568cea]
#
# Failed to write core dump. Core dumps have been disabled. To enable core dumping, try "ulimit -c unlimited" before starting Java again
#
# If you would like to submit a bug report, please visit:
#   https://github.com/Homebrew/homebrew-core/issues
#

---------------  T H R E A D  ---------------

Current thread (0x00007fb30c20a000):  JavaThread "RMI TCP Connection(1)-192.168.2.29" daemon [_thread_in_vm, id=72479, stack(0x000070000b9de000,0x000070000bade000)]

siginfo: si_signo: 11 (SIGSEGV), si_code: 1 (SEGV_MAPERR), si_addr: 0x0000000000000000

Registers:
RAX=0x0000000108904270, RBX=0x00007fb30c20a000, RCX=0x00007fb30bc05e59, RDX=0x0000000000000000
RSP=0x000070000badc710, RBP=0x000070000badc740, RSI=0x000070000badc800, RDI=0x00007fb30c20a258
R8 =0x0000000000000000, R9 =0x0000000000000006, R10=0x000000011667e3db, R11=0x00000001086e8525
R12=0x0000000000000000, R13=0x000000010e4b6f50, R14=0x00007fb30bc05e59, R15=0x0000000000000000
RIP=0x0000000108768cea, EFLAGS=0x0000000000010246, ERR=0x0000000000000004
  TRAPNO=0x000000000000000e

Top of Stack: (sp=0x000070000badc710)
0x000070000badc710:   00007fb30c20a000 00007fb30c20a000
0x000070000badc720:   000000010e4b6f50 0000000000000000
0x000070000badc730:   000070000badc800 00007fb30c20a000
0x000070000badc740:   000070000badc7c0 000000011667e407
0x000070000badc750:   000000010e4b6f50 000070000badc800
0x000070000badc760:   000070000badc7c0 000000011667e159
0x000070000badc770:   000000010eb1d788 000000011667e122
0x000070000badc780:   000070000badc780 000000010e4b6f50
0x000070000badc790:   000070000badc800 000000010e4e6e60
0x000070000badc7a0:   0000000000000000 000000010e4b6f50
0x000070000badc7b0:   0000000000000000 000070000badc7e0
0x000070000badc7c0:   000070000badc848 000000011666dffd
0x000070000badc7d0:   0000000000000000 0000000116677a58
0x000070000badc7e0:   0000000000000000 00007fb30bc05e59
0x000070000badc7f0:   000070000badc848 0000000000000000
0x000070000badc800:   00000007976af818 000070000badc808
0x000070000badc810:   000000010eb1d77e 000070000badc868
0x000070000badc820:   000000010eb1e1a8 0000000000000000
0x000070000badc830:   000000010eb1d788 000070000badc7e0
0x000070000badc840:   000070000badc858 000070000badc8b0
0x000070000badc850:   000000011666dffd 0000000000000000
0x000070000badc860:   00007fb30bc05e59 00000001166794c2
0x000070000badc870:   000070000badc870 000000010eb1dc9a
0x000070000badc880:   000070000badc8d0 000000010eb1e1a8
0x000070000badc890:   0000000000000000 000000010eb1dca8
0x000070000badc8a0:   000070000badc858 000070000badc8c0
0x000070000badc8b0:   000070000badc930 000000011666da40
0x000070000badc8c0:   0000000000000000 00007fb30bc05e59
0x000070000badc8d0:   0000000795ee7868 00007fb30bc05e59
0x000070000badc8e0:   0000000795ee7868 0000000795ee7868
0x000070000badc8f0:   000070000badc8f0 000000010e947952
0x000070000badc900:   000070000badc948 000000010eb14a38 

Instructions: (pc=0x0000000108768cea)
0x0000000108768cca:   00 30 74 08 48 89 df e8 58 98 fe ff c7 83 d0 02
0x0000000108768cda:   00 00 06 00 00 00 48 89 5d d8 41 f6 c7 01 75 05
0x0000000108768cea:   49 8b 07 eb 08 4c 89 ff e8 39 fc dc ff 41 80 e4
0x0000000108768cfa:   01 46 88 24 30 48 8d 7d d8 e8 68 84 d9 ff 48 8d 

Register to memory mapping:

RAX=0x0000000108904270: _ZN20SafepointSynchronize6_stateE+0 in /usr/local/Cellar/openjdk@8/1.8.0+345/libexec/openjdk.jdk/Contents/Home/jre/lib/server/libjvm.dylib at 0x0000000108200000
RBX=0x00007fb30c20a000 is a thread
RCX=0x00007fb30bc05e59 is an unknown value
RDX=0x0000000000000000 is an unknown value
RSP=0x000070000badc710 is pointing into the stack for thread: 0x00007fb30c20a000
RBP=0x000070000badc740 is pointing into the stack for thread: 0x00007fb30c20a000
RSI=0x000070000badc800 is pointing into the stack for thread: 0x00007fb30c20a000
RDI=0x00007fb30c20a258 is an unknown value
R8 =0x0000000000000000 is an unknown value
R9 =0x0000000000000006 is an unknown value
R10=0x000000011667e3db is at code_begin+859 in an Interpreter codelet
method entry point (kind = native)  [0x000000011667e080, 0x000000011667ea00]  2432 bytes
R11=0x00000001086e8525: throw_unsatisfied_link_error+0 in /usr/local/Cellar/openjdk@8/1.8.0+345/libexec/openjdk.jdk/Contents/Home/jre/lib/server/libjvm.dylib at 0x0000000108200000
R12=0x0000000000000000 is an unknown value
R13={method} {0x000000010e4b6f50} 'putBoolean' '(Ljava/lang/Object;JZ)V' in 'sun/misc/Unsafe'
R14=0x00007fb30bc05e59 is an unknown value
R15=0x0000000000000000 is an unknown value


Stack: [0x000070000b9de000,0x000070000bade000],  sp=0x000070000badc710,  free space=1017k
Native frames: (J=compiled Java code, j=interpreted, Vv=VM code, C=native code)
V  [libjvm.dylib+0x568cea]
j  sun.misc.Unsafe.putBoolean(Ljava/lang/Object;JZ)V+0
j  jdk.jfr.internal.Bits.putBoolean_(JZ)V+6
j  jdk.jfr.internal.Bits.putBoolean(JZ)I+2
j  jdk.jfr.internal.EventWriter.putBoolean(Z)V+18
j  jdk.jfr.proxy.internal.EventHandlerProxy1611_1665774491199-16086.write(JJLjava/lang/String;Ljava/lang/String;IJJZ)V+73
j  jdk.jfr.events.SocketReadEvent.commit()V+93
j  java.net.SocketInputStream.read([BIII)I+835
j  java.net.SocketInputStream.read([BII)I+11
j  java.io.BufferedInputStream.fill()V+214
J 537 C2 java.io.BufferedInputStream.read()I (49 bytes) @ 0x00000001168bb3bc [0x00000001168bb2e0+0xdc]
J 562 C1 java.io.FilterInputStream.read()I (8 bytes) @ 0x00000001168bf854 [0x00000001168bf740+0x114]
j  sun.rmi.transport.tcp.TCPTransport.handleMessages(Lsun/rmi/transport/Connection;Z)V+25
j  sun.rmi.transport.tcp.TCPTransport$ConnectionHandler.run0()V+696
j  sun.rmi.transport.tcp.TCPTransport$ConnectionHandler.lambda$run$0()Ljava/lang/Void;+1
j  sun.rmi.transport.tcp.TCPTransport$ConnectionHandler$$Lambda$78.run()Ljava/lang/Object;+4
v  ~StubRoutines::call_stub
V  [libjvm.dylib+0x2cc277]
V  [libjvm.dylib+0x33e5b9]
J 190  java.security.AccessController.doPrivileged(Ljava/security/PrivilegedAction;Ljava/security/AccessControlContext;)Ljava/lang/Object; (0 bytes) @ 0x00000001167c4715 [0x00000001167c4640+0xd5]
j  sun.rmi.transport.tcp.TCPTransport$ConnectionHandler.run()V+58
j  java.util.concurrent.ThreadPoolExecutor.runWorker(Ljava/util/concurrent/ThreadPoolExecutor$Worker;)V+95
j  java.util.concurrent.ThreadPoolExecutor$Worker.run()V+5
j  java.lang.Thread.run()V+11
v  ~StubRoutines::call_stub
V  [libjvm.dylib+0x2cc277]
V  [libjvm.dylib+0x2cb093]
V  [libjvm.dylib+0x2cb273]
V  [libjvm.dylib+0x3479f3]
V  [libjvm.dylib+0x550e2c]
V  [libjvm.dylib+0x550cf1]
V  [libjvm.dylib+0x486873]
C  [libsystem_pthread.dylib+0x6109]  _pthread_start+0x94
C  [libsystem_pthread.dylib+0x1b8b]  thread_start+0xf
C  0x0000000000000000

Java frames: (J=compiled Java code, j=interpreted, Vv=VM code)
j  sun.misc.Unsafe.putBoolean(Ljava/lang/Object;JZ)V+0
j  jdk.jfr.internal.Bits.putBoolean_(JZ)V+6
j  jdk.jfr.internal.Bits.putBoolean(JZ)I+2
j  jdk.jfr.internal.EventWriter.putBoolean(Z)V+18
j  jdk.jfr.proxy.internal.EventHandlerProxy1611_1665774491199-16086.write(JJLjava/lang/String;Ljava/lang/String;IJJZ)V+73
j  jdk.jfr.events.SocketReadEvent.commit()V+93
j  java.net.SocketInputStream.read([BIII)I+835
j  java.net.SocketInputStream.read([BII)I+11
j  java.io.BufferedInputStream.fill()V+214
J 537 C2 java.io.BufferedInputStream.read()I (49 bytes) @ 0x00000001168bb3bc [0x00000001168bb2e0+0xdc]
J 562 C1 java.io.FilterInputStream.read()I (8 bytes) @ 0x00000001168bf854 [0x00000001168bf740+0x114]
j  sun.rmi.transport.tcp.TCPTransport.handleMessages(Lsun/rmi/transport/Connection;Z)V+25
j  sun.rmi.transport.tcp.TCPTransport$ConnectionHandler.run0()V+696
j  sun.rmi.transport.tcp.TCPTransport$ConnectionHandler.lambda$run$0()Ljava/lang/Void;+1
j  sun.rmi.transport.tcp.TCPTransport$ConnectionHandler$$Lambda$78.run()Ljava/lang/Object;+4
v  ~StubRoutines::call_stub
J 190  java.security.AccessController.doPrivileged(Ljava/security/PrivilegedAction;Ljava/security/AccessControlContext;)Ljava/lang/Object; (0 bytes) @ 0x00000001167c46a3 [0x00000001167c4640+0x63]
j  sun.rmi.transport.tcp.TCPTransport$ConnectionHandler.run()V+58
j  java.util.concurrent.ThreadPoolExecutor.runWorker(Ljava/util/concurrent/ThreadPoolExecutor$Worker;)V+95
j  java.util.concurrent.ThreadPoolExecutor$Worker.run()V+5
j  java.lang.Thread.run()V+11
v  ~StubRoutines::call_stub

---------------  P R O C E S S  ---------------

Java Threads: ( => current thread )
=>0x00007fb30c20a000 JavaThread "RMI TCP Connection(1)-192.168.2.29" daemon [_thread_in_vm, id=72479, stack(0x000070000b9de000,0x000070000bade000)]
  0x00007fb30b10a000 JavaThread "AWT-EventQueue-0" [_thread_blocked, id=57863, stack(0x000070000b8db000,0x000070000b9db000)]
  0x00007fb30ac50000 JavaThread "RMI TCP Accept-0" daemon [_thread_in_native, id=55835, stack(0x000070000b7d8000,0x000070000b8d8000)]
  0x00007fb30c2ae000 JavaThread "Java2D Disposer" daemon [_thread_blocked, id=52507, stack(0x000070000b6d5000,0x000070000b7d5000)]
  0x00007fb30ba5e800 JavaThread "Java2D Queue Flusher" daemon [_thread_blocked, id=52747, stack(0x000070000b5d2000,0x000070000b6d2000)]
  0x00007fb30b9fd800 JavaThread "AWT-Shutdown" [_thread_blocked, id=38427, stack(0x000070000b346000,0x000070000b446000)]
  0x00007fb30c19a800 JavaThread "AppKit Thread" daemon [_thread_in_native, id=775, stack(0x00007ffee7b52000,0x00007ffee8352000)]
  0x00007fb30c195000 JavaThread "Attach Listener" daemon [_thread_blocked, id=43011, stack(0x000070000b1c0000,0x000070000b2c0000)]
  0x00007fb30ab5c800 JavaThread "Service Thread" daemon [_thread_blocked, id=22019, stack(0x000070000afba000,0x000070000b0ba000)]
  0x00007fb30ab5b800 JavaThread "C1 CompilerThread2" daemon [_thread_blocked, id=15363, stack(0x000070000aeb7000,0x000070000afb7000)]
  0x00007fb30ab5a800 JavaThread "C2 CompilerThread1" daemon [_thread_blocked, id=15875, stack(0x000070000adb4000,0x000070000aeb4000)]
  0x00007fb30ab58800 JavaThread "C2 CompilerThread0" daemon [_thread_in_native, id=16387, stack(0x000070000acb1000,0x000070000adb1000)]
  0x00007fb30b8f2800 JavaThread "Async-profiler Timer" daemon [_thread_in_native, id=14851, stack(0x000070000ac2e000,0x000070000acae000)]
  0x00007fb30b906000 JavaThread "JFR Recording Scheduler" daemon [_thread_blocked, id=16899, stack(0x000070000ab2b000,0x000070000ac2b000)]
  0x00007fb30b00c800 JavaThread "JFR Periodic Tasks" daemon [_thread_blocked, id=14339, stack(0x000070000a925000,0x000070000aa25000)]
  0x00007fb30ab3c800 JavaThread "JFR Recorder Thread" daemon [_thread_blocked, id=17667, stack(0x000070000a822000,0x000070000a922000)]
  0x00007fb30c106000 JavaThread "Monitor Ctrl-Break" daemon [_thread_in_native, id=17923, stack(0x000070000a71f000,0x000070000a81f000)]
  0x00007fb30b05a800 JavaThread "Signal Dispatcher" daemon [_thread_blocked, id=13315, stack(0x000070000a61c000,0x000070000a71c000)]
  0x00007fb30aa96800 JavaThread "Finalizer" daemon [_thread_blocked, id=11779, stack(0x000070000a413000,0x000070000a513000)]
  0x00007fb30aa93800 JavaThread "Reference Handler" daemon [_thread_blocked, id=11267, stack(0x000070000a310000,0x000070000a410000)]
  0x00007fb30c0d1800 JavaThread "main" [_thread_in_Java, id=5635, stack(0x0000700009cfe000,0x0000700009dfe000)]

Other Threads:
  0x00007fb30aa8f000 VMThread [stack: 0x000070000a20d000,0x000070000a30d000] [id=20739]
  0x00007fb30ab5d800 WatcherThread [stack: 0x000070000b0bd000,0x000070000b1bd000] [id=22275]

VM state:not at safepoint (normal execution)

VM Mutex/Monitor currently owned by a thread: None

heap address: 0x0000000740000000, size: 2048 MB, Compressed Oops mode: Zero based, Oop shift amount: 3
Narrow klass base: 0x0000000000000000, Narrow klass shift: 3
Compressed class space size: 1073741824 Address: 0x00000007c0000000

Heap:
 PSYoungGen      total 38400K, used 12981K [0x0000000795580000, 0x0000000798000000, 0x00000007c0000000)
  eden space 33280K, 29% used [0x0000000795580000,0x0000000795efc368,0x0000000797600000)
  from space 5120K, 63% used [0x0000000797600000,0x0000000797931368,0x0000000797b00000)
  to   space 5120K, 0% used [0x0000000797b00000,0x0000000797b00000,0x0000000798000000)
 ParOldGen       total 87552K, used 8K [0x0000000740000000, 0x0000000745580000, 0x0000000795580000)
  object space 87552K, 0% used [0x0000000740000000,0x0000000740002000,0x0000000745580000)
 Metaspace       used 15552K, capacity 16090K, committed 16384K, reserved 1062912K
  class space    used 1873K, capacity 2022K, committed 2048K, reserved 1048576K

Card table byte_map: [0x0000000109965000,0x0000000109d66000] byte_map_base: 0x0000000105f65000

Marking Bits: (ParMarkBitMap*) 0x0000000108903d18
 Begin Bits: [0x000000010a011000, 0x000000010c011000)
 End Bits:   [0x000000010c011000, 0x000000010e011000)

Polling page: 0x000000010791b000

CodeCache: size=245760Kb used=2787Kb max_used=2787Kb free=242972Kb
 bounds [0x0000000116666000, 0x0000000116926000, 0x0000000125666000]
 total_blobs=1238 nmethods=688 adapters=464
 compilation: enabled

Compilation events (10 events):
Event: 4.318 Thread 0x00007fb30ab5b800 nmethod 687 0x000000011691d2d0 code [0x000000011691d440, 0x000000011691d5c8]
Event: 4.318 Thread 0x00007fb30ab5b800  659       3       jdk.internal.org.objectweb.asm.AnnotationVisitor::<init> (7 bytes)
Event: 4.324 Thread 0x00007fb30ab5b800 nmethod 659 0x000000011691d690 code [0x000000011691d820, 0x000000011691db88]
Event: 4.324 Thread 0x00007fb30ab5b800  679       3       jdk.internal.org.objectweb.asm.AnnotationWriter::visitEnd (43 bytes)
Event: 4.324 Thread 0x00007fb30ab5b800 nmethod 679 0x000000011691dd90 code [0x000000011691df00, 0x000000011691e0f0]
Event: 4.324 Thread 0x00007fb30ab5b800  660       3       jdk.internal.org.objectweb.asm.AnnotationWriter::<init> (34 bytes)
Event: 4.324 Thread 0x00007fb30ab5b800 nmethod 660 0x000000011691e290 code [0x000000011691e400, 0x000000011691e688]
Event: 4.324 Thread 0x00007fb30ab5b800  655       3       jdk.internal.org.objectweb.asm.FieldVisitor::<init> (35 bytes)
Event: 4.325 Thread 0x00007fb30ab5b800 nmethod 655 0x000000011691e810 code [0x000000011691e9a0, 0x000000011691eca8]
Event: 4.325 Thread 0x00007fb30ab5b800  690       1       java.lang.invoke.MethodHandles$Lookup::lookupClass (5 bytes)

GC Heap History (2 events):
Event: 3.891 GC heap before
{Heap before GC invocations=1 (full 0):
 PSYoungGen      total 38400K, used 33280K [0x0000000795580000, 0x0000000798000000, 0x00000007c0000000)
  eden space 33280K, 100% used [0x0000000795580000,0x0000000797600000,0x0000000797600000)
  from space 5120K, 0% used [0x0000000797b00000,0x0000000797b00000,0x0000000798000000)
  to   space 5120K, 0% used [0x0000000797600000,0x0000000797600000,0x0000000797b00000)
 ParOldGen       total 87552K, used 0K [0x0000000740000000, 0x0000000745580000, 0x0000000795580000)
  object space 87552K, 0% used [0x0000000740000000,0x0000000740000000,0x0000000745580000)
 Metaspace       used 12347K, capacity 12774K, committed 13056K, reserved 1060864K
  class space    used 1417K, capacity 1525K, committed 1536K, reserved 1048576K
Event: 3.902 GC heap after
Heap after GC invocations=1 (full 0):
 PSYoungGen      total 38400K, used 3268K [0x0000000795580000, 0x0000000798000000, 0x00000007c0000000)
  eden space 33280K, 0% used [0x0000000795580000,0x0000000795580000,0x0000000797600000)
  from space 5120K, 63% used [0x0000000797600000,0x0000000797931368,0x0000000797b00000)
  to   space 5120K, 0% used [0x0000000797b00000,0x0000000797b00000,0x0000000798000000)
 ParOldGen       total 87552K, used 8K [0x0000000740000000, 0x0000000745580000, 0x0000000795580000)
  object space 87552K, 0% used [0x0000000740000000,0x0000000740002000,0x0000000745580000)
 Metaspace       used 12347K, capacity 12774K, committed 13056K, reserved 1060864K
  class space    used 1417K, capacity 1525K, committed 1536K, reserved 1048576K
}

Deoptimization events (3 events):
Event: 3.768 Thread 0x00007fb30c195000 Uncommon trap: reason=unstable_if action=reinterpret pc=0x000000011680e154 method=sun.reflect.generics.parser.SignatureParser.current()C @ 39
Event: 4.171 Thread 0x00007fb30c0d1800 Uncommon trap: reason=unstable_if action=reinterpret pc=0x00000001167998d4 method=java.lang.AbstractStringBuilder.append(Ljava/lang/String;)Ljava/lang/AbstractStringBuilder; @ 1
Event: 4.172 Thread 0x00007fb30c0d1800 Uncommon trap: reason=unstable_if action=reinterpret pc=0x00000001167a6a70 method=java.lang.AbstractStringBuilder.append(Ljava/lang/String;)Ljava/lang/AbstractStringBuilder; @ 1

Classes redefined (10 events):
Event: 2.969 Thread 0x00007fb30aa8f000 redefined class name=java.lang.Error, count=2
Event: 3.109 Thread 0x00007fb30aa8f000 redefined class name=jdk.jfr.events.ActiveRecordingEvent, count=1
Event: 3.110 Thread 0x00007fb30aa8f000 redefined class name=jdk.jfr.events.ActiveSettingEvent, count=1
Event: 3.110 Thread 0x00007fb30aa8f000 redefined class name=jdk.jfr.events.ErrorThrownEvent, count=1
Event: 3.110 Thread 0x00007fb30aa8f000 redefined class name=jdk.jfr.events.ExceptionStatisticsEvent, count=1
Event: 3.111 Thread 0x00007fb30aa8f000 redefined class name=jdk.jfr.events.SocketWriteEvent, count=1
Event: 3.111 Thread 0x00007fb30aa8f000 redefined class name=jdk.jfr.events.SocketReadEvent, count=1
Event: 3.111 Thread 0x00007fb30aa8f000 redefined class name=jdk.jfr.events.FileWriteEvent, count=1
Event: 3.112 Thread 0x00007fb30aa8f000 redefined class name=jdk.jfr.events.FileReadEvent, count=1
Event: 3.112 Thread 0x00007fb30aa8f000 redefined class name=jdk.jfr.events.FileForceEvent, count=1

Internal exceptions (10 events):
Event: 2.979 Thread 0x00007fb30c0d1800 Exception <a 'sun/nio/fs/UnixException'> (0x0000000796a2b578) thrown at [/private/tmp/openjdkA8-20220805-4761-1391568/jdk8u345-b01/hotspot/src/share/vm/prims/jni.cpp, line 711]
Event: 2.981 Thread 0x00007fb30c0d1800 Exception <a 'sun/nio/fs/UnixException'> (0x0000000796a35328) thrown at [/private/tmp/openjdkA8-20220805-4761-1391568/jdk8u345-b01/hotspot/src/share/vm/prims/jni.cpp, line 711]
Event: 2.981 Thread 0x00007fb30c0d1800 Exception <a 'sun/nio/fs/UnixException'> (0x0000000796a360a0) thrown at [/private/tmp/openjdkA8-20220805-4761-1391568/jdk8u345-b01/hotspot/src/share/vm/prims/jni.cpp, line 711]
Event: 3.681 Thread 0x00007fb30c0d1800 Exception <a 'java/io/FileNotFoundException'> (0x0000000796fb3a18) thrown at [/private/tmp/openjdkA8-20220805-4761-1391568/jdk8u345-b01/hotspot/src/share/vm/prims/jni.cpp, line 711]
Event: 3.681 Thread 0x00007fb30c0d1800 Exception <a 'java/io/FileNotFoundException'> (0x0000000796fb4608) thrown at [/private/tmp/openjdkA8-20220805-4761-1391568/jdk8u345-b01/hotspot/src/share/vm/prims/jni.cpp, line 711]
Event: 3.783 Thread 0x00007fb30c195000 Exception <a 'java/lang/ClassNotFoundException': jdk/internal/platform/cgroupv1/Metrics> (0x00000007973f54d0) thrown at [/private/tmp/openjdkA8-20220805-4761-1391568/jdk8u345-b01/hotspot/src/share/vm/classfile/systemDictionary.cpp, line 217]
Event: 3.874 Thread 0x00007fb30c19a800 Exception <a 'java/lang/ClassNotFoundException': sun/dc/DuctusRenderingEngine> (0x0000000797133be8) thrown at [/private/tmp/openjdkA8-20220805-4761-1391568/jdk8u345-b01/hotspot/src/share/vm/classfile/systemDictionary.cpp, line 217]
Event: 4.088 Thread 0x00007fb30c195000 Exception <a 'java/lang/ClassNotFoundException': javax/management/remote/rmi/RMIJRMPServerImpl$ExportedWrapper_Stub> (0x0000000795878b20) thrown at [/private/tmp/openjdkA8-20220805-4761-1391568/jdk8u345-b01/hotspot/src/share/vm/classfile/systemDictionary.
Event: 4.171 Thread 0x00007fb30c0d1800 Implicit null exception at 0x00000001167994b6 to 0x00000001167998b9
Event: 4.172 Thread 0x00007fb30c0d1800 Implicit null exception at 0x00000001167a6676 to 0x00000001167a6a59

Events (10 events):
Event: 4.298 loading class java/net/Socket$3
Event: 4.298 loading class java/net/Socket$3 done
Event: 4.299 loading class sun/rmi/transport/tcp/TCPChannel
Event: 4.300 loading class sun/rmi/transport/Channel
Event: 4.300 loading class sun/rmi/transport/Channel done
Event: 4.300 loading class sun/rmi/transport/tcp/TCPChannel done
Event: 4.300 loading class sun/rmi/transport/tcp/TCPConnection
Event: 4.300 loading class sun/rmi/transport/Connection
Event: 4.300 loading class sun/rmi/transport/Connection done
Event: 4.300 loading class sun/rmi/transport/tcp/TCPConnection done


Dynamic libraries:
0x00007fff37f77000 	/System/Library/Frameworks/Cocoa.framework/Versions/A/Cocoa
0x00007fff455a6000 	/System/Library/Frameworks/Security.framework/Versions/A/Security
0x00007fff36edd000 	/System/Library/Frameworks/ApplicationServices.framework/Versions/A/ApplicationServices
0x00007fff71ea9000 	/usr/lib/libz.1.dylib
0x00007fff6f96b000 	/usr/lib/libSystem.B.dylib
0x00007fff38e19000 	/System/Library/Frameworks/CoreFoundation.framework/Versions/A/CoreFoundation
0x00007fff3b4db000 	/System/Library/Frameworks/Foundation.framework/Versions/C/Foundation
0x00007fff717cd000 	/usr/lib/libobjc.A.dylib
0x00007fff360cf000 	/System/Library/Frameworks/AppKit.framework/Versions/C/AppKit
0x00007fff388fb000 	/System/Library/Frameworks/CoreData.framework/Versions/A/CoreData
0x00007fff69bc6000 	/System/Library/PrivateFrameworks/UIFoundation.framework/Versions/A/UIFoundation
0x00007fff64c5a000 	/System/Library/PrivateFrameworks/RemoteViewServices.framework/Versions/A/RemoteViewServices
0x00007fff6c4db000 	/System/Library/PrivateFrameworks/XCTTargetBootstrap.framework/Versions/A/XCTTargetBootstrap
0x00007fff38ce6000 	/System/Library/Frameworks/CoreDisplay.framework/Versions/A/CoreDisplay
0x00007fff3e396000 	/System/Library/Frameworks/Metal.framework/Versions/A/Metal
0x00007fff52c57000 	/System/Library/PrivateFrameworks/DesktopServicesPriv.framework/Versions/A/DesktopServicesPriv
0x00007fff70aa8000 	/usr/lib/liblangid.dylib
0x00007fff51eec000 	/System/Library/PrivateFrameworks/CoreSVG.framework/Versions/A/CoreSVG
0x00007fff67db6000 	/System/Library/PrivateFrameworks/SkyLight.framework/Versions/A/SkyLight
0x00007fff3929b000 	/System/Library/Frameworks/CoreGraphics.framework/Versions/A/CoreGraphics
0x00007fff34aa3000 	/System/Library/Frameworks/Accelerate.framework/Versions/A/Accelerate
0x00007fff71d9a000 	/usr/lib/libxml2.2.dylib
0x00007fff5dbe3000 	/System/Library/PrivateFrameworks/IconServices.framework/Versions/A/IconServices
0x00007fff3bcba000 	/System/Library/Frameworks/IOSurface.framework/Versions/A/IOSurface
0x00007fff6f495000 	/usr/lib/libDiagnosticMessagesClient.dylib
0x00007fff52ab1000 	/System/Library/PrivateFrameworks/DFRFoundation.framework/Versions/A/DFRFoundation
0x00007fff70837000 	/usr/lib/libicucore.A.dylib
0x00007fff3720f000 	/System/Library/Frameworks/AudioToolbox.framework/Versions/A/AudioToolbox
0x00007fff372f2000 	/System/Library/Frameworks/AudioUnit.framework/Versions/A/AudioUnit
0x00007fff6fb6d000 	/usr/lib/libauto.dylib
0x00007fff52b53000 	/System/Library/PrivateFrameworks/DataDetectorsCore.framework/Versions/A/DataDetectorsCore
0x00007fff37a98000 	/System/Library/Frameworks/Carbon.framework/Versions/A/Frameworks/HIToolbox.framework/Versions/A/HIToolbox
0x00007fff4479f000 	/System/Library/Frameworks/QuartzCore.framework/Versions/A/QuartzCore
0x00007fff37dd7000 	/System/Library/Frameworks/Carbon.framework/Versions/A/Frameworks/SpeechRecognition.framework/Versions/A/SpeechRecognition
0x00007fff525c5000 	/System/Library/PrivateFrameworks/CoreUI.framework/Versions/A/CoreUI
0x00007fff38366000 	/System/Library/Frameworks/CoreAudio.framework/Versions/A/CoreAudio
0x00007fff3b199000 	/System/Library/Frameworks/DiskArbitration.framework/Versions/A/DiskArbitration
0x00007fff5fc33000 	/System/Library/PrivateFrameworks/MultitouchSupport.framework/Versions/A/MultitouchSupport
0x00007fff706fc000 	/usr/lib/libenergytrace.dylib
0x00007fff3bc14000 	/System/Library/Frameworks/IOKit.framework/Versions/A/IOKit
0x00007fff3a203000 	/System/Library/Frameworks/CoreServices.framework/Versions/A/CoreServices
0x00007fff61ded000 	/System/Library/PrivateFrameworks/PerformanceAnalysis.framework/Versions/A/PerformanceAnalysis
0x00007fff437d2000 	/System/Library/Frameworks/OpenGL.framework/Versions/A/OpenGL
0x00007fff37f85000 	/System/Library/Frameworks/ColorSync.framework/Versions/A/ColorSync
0x00007fff3991e000 	/System/Library/Frameworks/CoreImage.framework/Versions/A/CoreImage
0x00007fff3ac77000 	/System/Library/Frameworks/CoreText.framework/Versions/A/CoreText
0x00007fff3bd4a000 	/System/Library/Frameworks/ImageIO.framework/Versions/A/ImageIO
0x00007fff6fc51000 	/usr/lib/libc++.1.dylib
0x00007fff6fccd000 	/usr/lib/libcompression.dylib
0x00007fff6f7d9000 	/usr/lib/libMobileGestalt.dylib
0x00007fff69930000 	/System/Library/PrivateFrameworks/TextureIO.framework/Versions/A/TextureIO
0x00007fff6fad0000 	/usr/lib/libate.dylib
0x00007fff5ddec000 	/System/Library/PrivateFrameworks/InternationalSupport.framework/Versions/A/InternationalSupport
0x00007fff7276a000 	/usr/lib/system/libcache.dylib
0x00007fff72770000 	/usr/lib/system/libcommonCrypto.dylib
0x00007fff7277c000 	/usr/lib/system/libcompiler_rt.dylib
0x00007fff72784000 	/usr/lib/system/libcopyfile.dylib
0x00007fff7278e000 	/usr/lib/system/libcorecrypto.dylib
0x00007fff7292d000 	/usr/lib/system/libdispatch.dylib
0x00007fff7296e000 	/usr/lib/system/libdyld.dylib
0x00007fff729a5000 	/usr/lib/system/libkeymgr.dylib
0x00007fff729b3000 	/usr/lib/system/liblaunch.dylib
0x00007fff729b4000 	/usr/lib/system/libmacho.dylib
0x00007fff729ba000 	/usr/lib/system/libquarantine.dylib
0x00007fff729bd000 	/usr/lib/system/libremovefile.dylib
0x00007fff729bf000 	/usr/lib/system/libsystem_asl.dylib
0x00007fff729d7000 	/usr/lib/system/libsystem_blocks.dylib
0x00007fff729d8000 	/usr/lib/system/libsystem_c.dylib
0x00007fff72a60000 	/usr/lib/system/libsystem_configuration.dylib
0x00007fff72a64000 	/usr/lib/system/libsystem_coreservices.dylib
0x00007fff72a68000 	/usr/lib/system/libsystem_darwin.dylib
0x00007fff72a71000 	/usr/lib/system/libsystem_dnssd.dylib
0x00007fff72a79000 	/usr/lib/system/libsystem_featureflags.dylib
0x00007fff72a7b000 	/usr/lib/system/libsystem_info.dylib
0x00007fff72af6000 	/usr/lib/system/libsystem_m.dylib
0x00007fff72b3e000 	/usr/lib/system/libsystem_malloc.dylib
0x00007fff72b66000 	/usr/lib/system/libsystem_networkextension.dylib
0x00007fff72b74000 	/usr/lib/system/libsystem_notify.dylib
0x00007fff72b92000 	/usr/lib/system/libsystem_sandbox.dylib
0x00007fff72b97000 	/usr/lib/system/libsystem_secinit.dylib
0x00007fff72ac9000 	/usr/lib/system/libsystem_kernel.dylib
0x00007fff72b7e000 	/usr/lib/system/libsystem_platform.dylib
0x00007fff72b87000 	/usr/lib/system/libsystem_pthread.dylib
0x00007fff72b9a000 	/usr/lib/system/libsystem_symptoms.dylib
0x00007fff72ba2000 	/usr/lib/system/libsystem_trace.dylib
0x00007fff72bba000 	/usr/lib/system/libunwind.dylib
0x00007fff72bc0000 	/usr/lib/system/libxpc.dylib
0x00007fff6fca4000 	/usr/lib/libc++abi.dylib
0x00007fff70aaa000 	/usr/lib/liblzma.5.dylib
0x00007fff70725000 	/usr/lib/libfakelink.dylib
0x00007fff6fa5d000 	/usr/lib/libarchive.2.dylib
0x00007fff46659000 	/System/Library/Frameworks/SystemConfiguration.framework/Versions/A/SystemConfiguration
0x00007fff6f3c8000 	/usr/lib/libCRFSuite.dylib
0x00007fff37689000 	/System/Library/Frameworks/CFNetwork.framework/Versions/A/CFNetwork
0x00007fff6fc33000 	/usr/lib/libbsm.0.dylib
0x00007fff729a6000 	/usr/lib/system/libkxld.dylib
0x00007fff4c413000 	/System/Library/PrivateFrameworks/AppleFSCompression.framework/Versions/A/AppleFSCompression
0x00007fff6ffbe000 	/usr/lib/libcoretls.dylib
0x00007fff6ffd5000 	/usr/lib/libcoretls_cfhelpers.dylib
0x00007fff71813000 	/usr/lib/libpam.2.dylib
0x00007fff71948000 	/usr/lib/libsqlite3.dylib
0x00007fff71d87000 	/usr/lib/libxar.1.dylib
0x00007fff6fc44000 	/usr/lib/libbz2.1.0.dylib
0x00007fff70746000 	/usr/lib/libiconv.2.dylib
0x00007fff6fcba000 	/usr/lib/libcharset.1.dylib
0x00007fff712b0000 	/usr/lib/libnetwork.dylib
0x00007fff7181a000 	/usr/lib/libpcap.A.dylib
0x00007fff6fa12000 	/usr/lib/libapple_nghttp2.dylib
0x00007fff3a5ba000 	/System/Library/Frameworks/CoreServices.framework/Versions/A/Frameworks/FSEvents.framework/Versions/A/FSEvents
0x00007fff3a28a000 	/System/Library/Frameworks/CoreServices.framework/Versions/A/Frameworks/CarbonCore.framework/Versions/A/CarbonCore
0x00007fff3a7ff000 	/System/Library/Frameworks/CoreServices.framework/Versions/A/Frameworks/Metadata.framework/Versions/A/Metadata
0x00007fff3a898000 	/System/Library/Frameworks/CoreServices.framework/Versions/A/Frameworks/OSServices.framework/Versions/A/OSServices
0x00007fff3a8c6000 	/System/Library/Frameworks/CoreServices.framework/Versions/A/Frameworks/SearchKit.framework/Versions/A/SearchKit
0x00007fff3a204000 	/System/Library/Frameworks/CoreServices.framework/Versions/A/Frameworks/AE.framework/Versions/A/AE
0x00007fff3a5c3000 	/System/Library/Frameworks/CoreServices.framework/Versions/A/Frameworks/LaunchServices.framework/Versions/A/LaunchServices
0x00007fff3a56c000 	/System/Library/Frameworks/CoreServices.framework/Versions/A/Frameworks/DictionaryServices.framework/Versions/A/DictionaryServices
0x00007fff3a92e000 	/System/Library/Frameworks/CoreServices.framework/Versions/A/Frameworks/SharedFileList.framework/Versions/A/SharedFileList
0x00007fff3f5f1000 	/System/Library/Frameworks/NetFS.framework/Versions/A/NetFS
0x00007fff60163000 	/System/Library/PrivateFrameworks/NetAuth.framework/Versions/A/NetAuth
0x00007fff6c8a8000 	/System/Library/PrivateFrameworks/login.framework/Versions/A/Frameworks/loginsupport.framework/Versions/A/loginsupport
0x00007fff693fb000 	/System/Library/PrivateFrameworks/TCC.framework/Versions/A/TCC
0x00007fff51049000 	/System/Library/PrivateFrameworks/CoreNLP.framework/Versions/A/CoreNLP
0x00007fff5f660000 	/System/Library/PrivateFrameworks/MetadataUtilities.framework/Versions/A/MetadataUtilities
0x00007fff70b82000 	/usr/lib/libmecabra.dylib
0x00007fff70ada000 	/usr/lib/libmecab.dylib
0x00007fff70736000 	/usr/lib/libgermantok.dylib
0x00007fff6f9f9000 	/usr/lib/libThaiTokenizer.dylib
0x00007fff6f3ff000 	/usr/lib/libChineseTokenizer.dylib
0x00007fff34abb000 	/System/Library/Frameworks/Accelerate.framework/Versions/A/Frameworks/vImage.framework/Versions/A/vImage
0x00007fff35f25000 	/System/Library/Frameworks/Accelerate.framework/Versions/A/Frameworks/vecLib.framework/Versions/A/vecLib
0x00007fff35e62000 	/System/Library/Frameworks/Accelerate.framework/Versions/A/Frameworks/vecLib.framework/Versions/A/libvMisc.dylib
0x00007fff35c8a000 	/System/Library/Frameworks/Accelerate.framework/Versions/A/Frameworks/vecLib.framework/Versions/A/libvDSP.dylib
0x00007fff35112000 	/System/Library/Frameworks/Accelerate.framework/Versions/A/Frameworks/vecLib.framework/Versions/A/libBLAS.dylib
0x00007fff3584e000 	/System/Library/Frameworks/Accelerate.framework/Versions/A/Frameworks/vecLib.framework/Versions/A/libLAPACK.dylib
0x00007fff35bea000 	/System/Library/Frameworks/Accelerate.framework/Versions/A/Frameworks/vecLib.framework/Versions/A/libLinearAlgebra.dylib
0x00007fff35c77000 	/System/Library/Frameworks/Accelerate.framework/Versions/A/Frameworks/vecLib.framework/Versions/A/libSparseBLAS.dylib
0x00007fff35c00000 	/System/Library/Frameworks/Accelerate.framework/Versions/A/Frameworks/vecLib.framework/Versions/A/libQuadrature.dylib
0x00007fff3537a000 	/System/Library/Frameworks/Accelerate.framework/Versions/A/Frameworks/vecLib.framework/Versions/A/libBNNS.dylib
0x00007fff35c06000 	/System/Library/Frameworks/Accelerate.framework/Versions/A/Frameworks/vecLib.framework/Versions/A/libSparse.dylib
0x00007fff5e1d4000 	/System/Library/PrivateFrameworks/LanguageModeling.framework/Versions/A/LanguageModeling
0x00007fff509f8000 	/System/Library/PrivateFrameworks/CoreEmoji.framework/Versions/A/CoreEmoji
0x00007fff5e2f2000 	/System/Library/PrivateFrameworks/LinguisticData.framework/Versions/A/LinguisticData
0x00007fff5e2a3000 	/System/Library/PrivateFrameworks/Lexicon.framework/Versions/A/Lexicon
0x00007fff6fcbb000 	/usr/lib/libcmph.dylib
0x00007fff421e0000 	/System/Library/Frameworks/OpenDirectory.framework/Versions/A/Frameworks/CFOpenDirectory.framework/Versions/A/CFOpenDirectory
0x00007fff421fd000 	/System/Library/Frameworks/OpenDirectory.framework/Versions/A/OpenDirectory
0x00007fff4a643000 	/System/Library/PrivateFrameworks/APFS.framework/Versions/A/APFS
0x00007fff458f2000 	/System/Library/Frameworks/SecurityFoundation.framework/Versions/A/SecurityFoundation
0x00007fff71d83000 	/usr/lib/libutil.dylib
0x00007fff51f44000 	/System/Library/PrivateFrameworks/CoreServicesStore.framework/Versions/A/CoreServicesStore
0x00007fff459a9000 	/System/Library/Frameworks/ServiceManagement.framework/Versions/A/ServiceManagement
0x00007fff4dbe5000 	/System/Library/PrivateFrameworks/BackgroundTaskManagement.framework/Versions/A/BackgroundTaskManagement
0x00007fff71e80000 	/usr/lib/libxslt.1.dylib
0x00007fff4ca87000 	/System/Library/PrivateFrameworks/AppleSystemInfo.framework/Versions/A/AppleSystemInfo
0x00007fff3bf67000 	/System/Library/Frameworks/ImageIO.framework/Versions/A/Resources/libJPEG.dylib
0x00007fff3c224000 	/System/Library/Frameworks/ImageIO.framework/Versions/A/Resources/libTIFF.dylib
0x00007fff3c207000 	/System/Library/Frameworks/ImageIO.framework/Versions/A/Resources/libPng.dylib
0x00007fff3bea9000 	/System/Library/Frameworks/ImageIO.framework/Versions/A/Resources/libGIF.dylib
0x00007fff3bead000 	/System/Library/Frameworks/ImageIO.framework/Versions/A/Resources/libJP2.dylib
0x00007fff3c222000 	/System/Library/Frameworks/ImageIO.framework/Versions/A/Resources/libRadiance.dylib
0x00007fff706fd000 	/usr/lib/libexpat.1.dylib
0x00007fff4c56e000 	/System/Library/PrivateFrameworks/AppleJPEG.framework/Versions/A/AppleJPEG
0x00007fff55243000 	/System/Library/PrivateFrameworks/FontServices.framework/libFontParser.dylib
0x00007fff6b8aa000 	/System/Library/PrivateFrameworks/WatchdogClient.framework/Versions/A/WatchdogClient
0x00007fff5d82f000 	/System/Library/PrivateFrameworks/IOAccelerator.framework/Versions/A/IOAccelerator
0x00007fff3e731000 	/System/Library/Frameworks/MetalPerformanceShaders.framework/Versions/A/MetalPerformanceShaders
0x00007fff59fbf000 	/System/Library/PrivateFrameworks/GPUWrangler.framework/Versions/A/GPUWrangler
0x00007fff5d844000 	/System/Library/PrivateFrameworks/IOPresentment.framework/Versions/A/IOPresentment
0x00007fff52ac4000 	/System/Library/PrivateFrameworks/DSExternalDisplay.framework/Versions/A/DSExternalDisplay
0x00007fff42b71000 	/System/Library/Frameworks/OpenGL.framework/Versions/A/Libraries/libCoreFSCache.dylib
0x00007fff3e47d000 	/System/Library/Frameworks/MetalPerformanceShaders.framework/Frameworks/MPSCore.framework/Versions/A/MPSCore
0x00007fff3e4bb000 	/System/Library/Frameworks/MetalPerformanceShaders.framework/Frameworks/MPSImage.framework/Versions/A/MPSImage
0x00007fff3e582000 	/System/Library/Frameworks/MetalPerformanceShaders.framework/Frameworks/MPSNeuralNetwork.framework/Versions/A/MPSNeuralNetwork
0x00007fff3e546000 	/System/Library/Frameworks/MetalPerformanceShaders.framework/Frameworks/MPSMatrix.framework/Versions/A/MPSMatrix
0x00007fff3e6e1000 	/System/Library/Frameworks/MetalPerformanceShaders.framework/Frameworks/MPSRayIntersector.framework/Versions/A/MPSRayIntersector
0x00007fff3e56c000 	/System/Library/Frameworks/MetalPerformanceShaders.framework/Frameworks/MPSNDArray.framework/Versions/A/MPSNDArray
0x00007fff5f6ad000 	/System/Library/PrivateFrameworks/MetalTools.framework/Versions/A/MetalTools
0x00007fff4b81d000 	/System/Library/PrivateFrameworks/AggregateDictionary.framework/Versions/A/AggregateDictionary
0x00007fff5043f000 	/System/Library/PrivateFrameworks/CoreAnalytics.framework/Versions/A/CoreAnalytics
0x00007fff4c9a5000 	/System/Library/PrivateFrameworks/AppleSauce.framework/Versions/A/AppleSauce
0x00007fff6f6bb000 	/usr/lib/libIOReport.dylib
0x00007fff3ae30000 	/System/Library/Frameworks/CoreVideo.framework/Versions/A/CoreVideo
0x00007fff5b438000 	/System/Library/PrivateFrameworks/GraphVisualizer.framework/Versions/A/GraphVisualizer
0x00007fff54789000 	/System/Library/PrivateFrameworks/FaceCore.framework/Versions/A/FaceCore
0x00007fff42187000 	/System/Library/Frameworks/OpenCL.framework/Versions/A/OpenCL
0x00007fff6f4dd000 	/usr/lib/libFosl_dynamic.dylib
0x00007fff60b85000 	/System/Library/PrivateFrameworks/OTSVG.framework/Versions/A/OTSVG
0x00007fff36fe2000 	/System/Library/Frameworks/ApplicationServices.framework/Versions/A/Frameworks/ATS.framework/Versions/A/Resources/libFontRegistry.dylib
0x00007fff55413000 	/System/Library/PrivateFrameworks/FontServices.framework/libhvf.dylib
0x00007fff42b7c000 	/System/Library/Frameworks/OpenGL.framework/Versions/A/Libraries/libGFXShared.dylib
0x00007fff42d5a000 	/System/Library/Frameworks/OpenGL.framework/Versions/A/Libraries/libGLU.dylib
0x00007fff42b85000 	/System/Library/Frameworks/OpenGL.framework/Versions/A/Libraries/libGL.dylib
0x00007fff42b90000 	/System/Library/Frameworks/OpenGL.framework/Versions/A/Libraries/libGLImage.dylib
0x00007fff42b6e000 	/System/Library/Frameworks/OpenGL.framework/Versions/A/Libraries/libCVMSPluginSupport.dylib
0x00007fff42b77000 	/System/Library/Frameworks/OpenGL.framework/Versions/A/Libraries/libCoreVMClient.dylib
0x00007fff71151000 	/usr/lib/libncurses.5.4.dylib
0x00007fff36ede000 	/System/Library/Frameworks/ApplicationServices.framework/Versions/A/Frameworks/ATS.framework/Versions/A/ATS
0x00007fff370ab000 	/System/Library/Frameworks/ApplicationServices.framework/Versions/A/Frameworks/ColorSyncLegacy.framework/Versions/A/ColorSyncLegacy
0x00007fff37149000 	/System/Library/Frameworks/ApplicationServices.framework/Versions/A/Frameworks/HIServices.framework/Versions/A/HIServices
0x00007fff371a1000 	/System/Library/Frameworks/ApplicationServices.framework/Versions/A/Frameworks/LangAnalysis.framework/Versions/A/LangAnalysis
0x00007fff371b0000 	/System/Library/Frameworks/ApplicationServices.framework/Versions/A/Frameworks/PrintCore.framework/Versions/A/PrintCore
0x00007fff371f6000 	/System/Library/Frameworks/ApplicationServices.framework/Versions/A/Frameworks/QD.framework/Versions/A/QD
0x00007fff37201000 	/System/Library/Frameworks/ApplicationServices.framework/Versions/A/Frameworks/SpeechSynthesis.framework/Versions/A/SpeechSynthesis
0x00007fff3707b000 	/System/Library/Frameworks/ApplicationServices.framework/Versions/A/Frameworks/ATSUI.framework/Versions/A/ATSUI
0x00007fff70593000 	/usr/lib/libcups.2.dylib
0x00007fff3d7cc000 	/System/Library/Frameworks/Kerberos.framework/Versions/A/Kerberos
0x00007fff3b90d000 	/System/Library/Frameworks/GSS.framework/Versions/A/GSS
0x00007fff718d4000 	/usr/lib/libresolv.9.dylib
0x00007fff5b5e5000 	/System/Library/PrivateFrameworks/Heimdal.framework/Versions/A/Heimdal
0x00007fff3d7df000 	/System/Library/Frameworks/Kerberos.framework/Versions/A/Libraries/libHeimdalProxy.dylib
0x00007fff7073c000 	/usr/lib/libheimdal-asn1.dylib
0x00007fff4f8d7000 	/System/Library/PrivateFrameworks/CommonAuth.framework/Versions/A/CommonAuth
0x00007fff4cb24000 	/System/Library/PrivateFrameworks/AssertionServices.framework/Versions/A/AssertionServices
0x00007fff4d6c7000 	/System/Library/PrivateFrameworks/AudioToolboxCore.framework/Versions/A/AudioToolboxCore
0x00007fff6c558000 	/System/Library/PrivateFrameworks/caulk.framework/Versions/A/caulk
0x00007fff4dc91000 	/System/Library/PrivateFrameworks/BaseBoard.framework/Versions/A/BaseBoard
0x00007fff64de8000 	/System/Library/PrivateFrameworks/RunningBoardServices.framework/Versions/A/RunningBoardServices
0x00007fff61df9000 	/System/Library/PrivateFrameworks/PersistentConnection.framework/Versions/A/PersistentConnection
0x00007fff647e1000 	/System/Library/PrivateFrameworks/ProtocolBuffer.framework/Versions/A/ProtocolBuffer
0x00007fff4f8fb000 	/System/Library/PrivateFrameworks/CommonUtilities.framework/Versions/A/CommonUtilities
0x00007fff4de1f000 	/System/Library/PrivateFrameworks/Bom.framework/Versions/A/Bom
0x00007fff6f38e000 	/usr/lib/libAudioToolboxUtility.dylib
0x00007fff4dbef000 	/System/Library/PrivateFrameworks/Backup.framework/Versions/A/Backup
0x00007fff529e5000 	/System/Library/PrivateFrameworks/CrashReporterSupport.framework/Versions/A/CrashReporterSupport
0x00007fff6687a000 	/System/Library/PrivateFrameworks/Sharing.framework/Versions/A/Sharing
0x00007fff4c131000 	/System/Library/PrivateFrameworks/Apple80211.framework/Versions/A/Apple80211
0x00007fff4d90c000 	/System/Library/PrivateFrameworks/AuthKit.framework/Versions/A/AuthKit
0x00007fff526f2000 	/System/Library/PrivateFrameworks/CoreUtils.framework/Versions/A/CoreUtils
0x00007fff3ae75000 	/System/Library/Frameworks/CoreWLAN.framework/Versions/A/CoreWLAN
0x00007fff3ba9a000 	/System/Library/Frameworks/IOBluetooth.framework/Versions/A/IOBluetooth
0x00007fff5f9b2000 	/System/Library/PrivateFrameworks/MobileKeyBag.framework/Versions/A/MobileKeyBag
0x00007fff514e1000 	/System/Library/PrivateFrameworks/CorePhoneNumbers.framework/Versions/A/CorePhoneNumbers
0x00007fff4c521000 	/System/Library/PrivateFrameworks/AppleIDAuthSupport.framework/Versions/A/AppleIDAuthSupport
0x00007fff3f5fe000 	/System/Library/Frameworks/Network.framework/Versions/A/Network
0x00007fff5e080000 	/System/Library/PrivateFrameworks/KeychainCircle.framework/Versions/A/KeychainCircle
0x00007fff388c2000 	/System/Library/Frameworks/CoreBluetooth.framework/Versions/A/CoreBluetooth
0x00007fff688f9000 	/System/Library/PrivateFrameworks/SpeechRecognitionCore.framework/Versions/A/SpeechRecognitionCore
0x0000000108200000 	/usr/local/Cellar/openjdk@8/1.8.0+345/libexec/openjdk.jdk/Contents/Home/jre/lib/server/libjvm.dylib
0x00000001078d7000 	/usr/local/Cellar/openjdk@8/1.8.0+345/libexec/openjdk.jdk/Contents/Home/jre/lib/libverify.dylib
0x00000001078eb000 	/usr/local/Cellar/openjdk@8/1.8.0+345/libexec/openjdk.jdk/Contents/Home/jre/lib/libjava.dylib
0x000000010791c000 	/usr/local/Cellar/openjdk@8/1.8.0+345/libexec/openjdk.jdk/Contents/Home/jre/lib/libinstrument.dylib
0x0000000107940000 	/private/var/folders/sk/_myrnv7n7jz_l8j1ftl805j00000gp/T/libasyncProfiler.so
0x00000001079ea000 	/usr/local/Cellar/openjdk@8/1.8.0+345/libexec/openjdk.jdk/Contents/Home/jre/lib/libzip.dylib
0x0000000110b9d000 	/usr/local/Cellar/openjdk@8/1.8.0+345/libexec/openjdk.jdk/Contents/Home/jre/lib/libnio.dylib
0x0000000110bb5000 	/usr/local/Cellar/openjdk@8/1.8.0+345/libexec/openjdk.jdk/Contents/Home/jre/lib/libnet.dylib
0x0000000110c08000 	/usr/local/Cellar/openjdk@8/1.8.0+345/libexec/openjdk.jdk/Contents/Home/jre/lib/libawt.dylib
0x0000000110ca8000 	/usr/local/Cellar/openjdk@8/1.8.0+345/libexec/openjdk.jdk/Contents/Home/jre/lib/libmlib_image.dylib
0x00007fff3d7b6000 	/System/Library/Frameworks/JavaVM.framework/Versions/A/Frameworks/JavaNativeFoundation.framework/Versions/A/JavaNativeFoundation
0x00007fff3d7bf000 	/System/Library/Frameworks/JavaVM.framework/Versions/A/Frameworks/JavaRuntimeSupport.framework/Versions/A/JavaRuntimeSupport
0x00007fff3d7c7000 	/System/Library/Frameworks/JavaVM.framework/Versions/A/JavaVM
0x00007fff5de97000 	/System/Library/PrivateFrameworks/JavaLaunching.framework/Versions/A/JavaLaunching
0x00007fff37a93000 	/System/Library/Frameworks/Carbon.framework/Versions/A/Carbon
0x00007fff52497000 	/System/Library/PrivateFrameworks/CoreSymbolication.framework/Versions/A/CoreSymbolication
0x00007fff37a94000 	/System/Library/Frameworks/Carbon.framework/Versions/A/Frameworks/CommonPanels.framework/Versions/A/CommonPanels
0x00007fff37d8d000 	/System/Library/Frameworks/Carbon.framework/Versions/A/Frameworks/Help.framework/Versions/A/Help
0x00007fff37d91000 	/System/Library/Frameworks/Carbon.framework/Versions/A/Frameworks/ImageCapture.framework/Versions/A/ImageCapture
0x00007fff37d98000 	/System/Library/Frameworks/Carbon.framework/Versions/A/Frameworks/OpenScripting.framework/Versions/A/OpenScripting
0x00007fff37d97000 	/System/Library/Frameworks/Carbon.framework/Versions/A/Frameworks/Ink.framework/Versions/A/Ink
0x00007fff37dd3000 	/System/Library/Frameworks/Carbon.framework/Versions/A/Frameworks/Print.framework/Versions/A/Print
0x00007fff37dd4000 	/System/Library/Frameworks/Carbon.framework/Versions/A/Frameworks/SecurityHI.framework/Versions/A/SecurityHI
0x00007fff52c19000 	/System/Library/PrivateFrameworks/DebugSymbols.framework/Versions/A/DebugSymbols
0x0000000110d64000 	/usr/local/Cellar/openjdk@8/1.8.0+345/libexec/openjdk.jdk/Contents/Home/jre/lib/libawt_lwawt.dylib
0x0000000110e10000 	/usr/local/Cellar/openjdk@8/1.8.0+345/libexec/openjdk.jdk/Contents/Home/jre/lib/libosxapp.dylib
0x00007fff3b375000 	/System/Library/Frameworks/ExceptionHandling.framework/Versions/A/ExceptionHandling
0x00007fff51f10000 	/System/Library/PrivateFrameworks/CoreServicesInternal.framework/Versions/A/CoreServicesInternal
0x00007fff3b394000 	/System/Library/Frameworks/FileProvider.framework/Versions/A/FileProvider
0x00007fff35f26000 	/System/Library/Frameworks/Accounts.framework/Versions/A/Accounts
0x00007fff5a2e4000 	/System/Library/PrivateFrameworks/GenerationalStorage.framework/Versions/A/GenerationalStorage
0x00007fff6913b000 	/System/Library/PrivateFrameworks/SymptomDiagnosticReporter.framework/Versions/A/SymptomDiagnosticReporter
0x00007fff4bc35000 	/System/Library/PrivateFrameworks/AppContainer.framework/Versions/A/AppContainer
0x00007fff718ee000 	/usr/lib/libsandbox.1.dylib
0x00007fff6a84d000 	/System/Library/PrivateFrameworks/UserManagement.framework/Versions/A/UserManagement
0x00007fff4e9db000 	/System/Library/PrivateFrameworks/ChunkingLibrary.framework/Versions/A/ChunkingLibrary
0x00007fff4bca7000 	/System/Library/PrivateFrameworks/AppSandbox.framework/Versions/A/AppSandbox
0x00007fff66704000 	/System/Library/PrivateFrameworks/SecCodeWrapper.framework/Versions/A/SecCodeWrapper
0x00007fff6f7a3000 	/usr/lib/libMatch.1.dylib
0x00007fff2bf10000 	/System/Library/CoreServices/RawCamera.bundle/Contents/MacOS/RawCamera
0x00007fff5f7dc000 	/System/Library/PrivateFrameworks/MobileAsset.framework/Versions/A/MobileAsset
0x00007fff68fe3000 	/System/Library/PrivateFrameworks/StreamingZip.framework/Versions/A/StreamingZip
0x00007fff3dc47000 	/System/Library/Frameworks/MediaToolbox.framework/Versions/A/MediaToolbox
0x00007fff503ef000 	/System/Library/PrivateFrameworks/CoreAVCHD.framework/Versions/A/CoreAVCHD
0x00007fff3db71000 	/System/Library/Frameworks/MediaAccessibility.framework/Versions/A/MediaAccessibility
0x00007fff5eb90000 	/System/Library/PrivateFrameworks/Mangrove.framework/Versions/A/Mangrove
0x00007fff3a03b000 	/System/Library/Frameworks/CoreMedia.framework/Versions/A/CoreMedia
0x00007fff5edfc000 	/System/Library/PrivateFrameworks/MediaExperience.framework/Versions/A/MediaExperience
0x00007fff46953000 	/System/Library/Frameworks/VideoToolbox.framework/Versions/A/VideoToolbox
0x00007fff50019000 	/System/Library/PrivateFrameworks/CoreAUC.framework/Versions/A/CoreAUC
0x00007fff71946000 	/usr/lib/libspindump.dylib
0x00007fff4d076000 	/System/Library/PrivateFrameworks/AudioResourceArbitration.framework/Versions/A/AudioResourceArbitration
0x00007fff4ca8b000 	/System/Library/PrivateFrameworks/AppleVA.framework/Versions/A/AppleVA
0x00007fff34aa4000 	/System/Library/Frameworks/Accelerate.framework/Versions/A/Frameworks/vImage.framework/Versions/A/Libraries/libCGInterfaces.dylib
0x0000000111cf1000 	/usr/lib/libobjc-trampolines.dylib
0x00007fff5537b000 	/System/Library/PrivateFrameworks/FontServices.framework/libTrueTypeScaler.dylib
0x00007fff3181c000 	/System/Library/Extensions/AppleIntelKBLGraphicsMTLDriver.bundle/Contents/MacOS/AppleIntelKBLGraphicsMTLDriver
0x00007fff58904000 	/System/Library/PrivateFrameworks/GPUCompiler.framework/Versions/3902/Libraries/libmetal_timestamp.dylib
0x00007fff6b619000 	/System/Library/PrivateFrameworks/ViewBridge.framework/Versions/A/ViewBridge
0x0000000112e37000 	/usr/local/Cellar/openjdk@8/1.8.0+345/libexec/openjdk.jdk/Contents/Home/jre/lib/libfontmanager.dylib
0x0000000112e97000 	/usr/local/opt/freetype/lib/libfreetype.6.dylib
0x0000000112f3b000 	/usr/local/opt/libpng/lib/libpng16.16.dylib
0x0000000112f67000 	/usr/local/Cellar/openjdk@8/1.8.0+345/libexec/openjdk.jdk/Contents/Home/jre/lib/libmanagement.dylib
0x0000000112f77000 	/usr/local/Cellar/openjdk@8/1.8.0+345/libexec/openjdk.jdk/Contents/Home/jre/lib/libosxui.dylib
0x00007fff437e2000 	/System/Library/Frameworks/OpenGL.framework/Versions/A/Resources/GLEngine.bundle/GLEngine
0x00007fff42bc5000 	/System/Library/Frameworks/OpenGL.framework/Versions/A/Libraries/libGLProgrammability.dylib
0x00007fff30814000 	/System/Library/Extensions/AppleIntelKBLGraphicsGLDriver.bundle/Contents/MacOS/AppleIntelKBLGraphicsGLDriver
0x00007fff59fb3000 	/System/Library/PrivateFrameworks/GPUSupport.framework/Versions/A/Libraries/libGPUSupportMercury.dylib
0x00007fff4395c000 	/System/Library/Frameworks/OpenGL.framework/Versions/A/Resources/GLRendererFloat.bundle/GLRendererFloat
0x00007fff4217e000 	/System/Library/Frameworks/OpenCL.framework/Versions/A/Libraries/libcldcpuengine.dylib
0x00007fff6c8ab000 	/System/Library/PrivateFrameworks/login.framework/Versions/A/login

VM Arguments:
jvm_args: -javaagent:/Applications/IntelliJ IDEA.app/Contents/lib/idea_rt.jar=52249:/Applications/IntelliJ IDEA.app/Contents/bin -agentpath:/private/var/folders/sk/_myrnv7n7jz_l8j1ftl805j00000gp/T/libasyncProfiler.so=start,jfr,event=cpu,interval=1ms,jfrsync=profile,file=/Users/codecadet/MainShit_2022_10_14_200808.jfr -Dfile.encoding=UTF-8 
java_command: org.academiadecodigo.mathinha.MainShit
java_class_path (initial): /Library/Java/JavaVirtualMachines/openjdk-8.jdk/Contents/Home/jre/lib/charsets.jar:/Library/Java/JavaVirtualMachines/openjdk-8.jdk/Contents/Home/jre/lib/ext/cldrdata.jar:/Library/Java/JavaVirtualMachines/openjdk-8.jdk/Contents/Home/jre/lib/ext/dnsns.jar:/Library/Java/JavaVirtualMachines/openjdk-8.jdk/Contents/Home/jre/lib/ext/jaccess.jar:/Library/Java/JavaVirtualMachines/openjdk-8.jdk/Contents/Home/jre/lib/ext/localedata.jar:/Library/Java/JavaVirtualMachines/openjdk-8.jdk/Contents/Home/jre/lib/ext/nashorn.jar:/Library/Java/JavaVirtualMachines/openjdk-8.jdk/Contents/Home/jre/lib/ext/sunec.jar:/Library/Java/JavaVirtualMachines/openjdk-8.jdk/Contents/Home/jre/lib/ext/sunjce_provider.jar:/Library/Java/JavaVirtualMachines/openjdk-8.jdk/Contents/Home/jre/lib/ext/sunpkcs11.jar:/Library/Java/JavaVirtualMachines/openjdk-8.jdk/Contents/Home/jre/lib/ext/zipfs.jar:/Library/Java/JavaVirtualMachines/openjdk-8.jdk/Contents/Home/jre/lib/jce.jar:/Library/Java/JavaVirtualMachines/openjdk-8.jdk/Contents/Home/jre/lib/jfr.jar:/Library/Java/JavaVirtualMachines/openjdk-8.jdk/Contents/Home/jre/lib/jsse.jar:/Library/Java/JavaVirtualMachines/openjdk-8.jdk/Contents/Home/jre/lib/management-agent.jar:/Library/Java/JavaVirtualMachines/openjdk-8.jdk/Contents/Home/jre/lib/resources.jar:/Library/Java/JavaVirtualMachines/openjdk-8.jdk/Contents/Home/jre/lib/rt.jar:/Users/codecadet/Desktop/githero/out/production/githero:/Users/codecadet/Desktop/githero/lib/simple-graphics-0.2.1-SNAPSHOT.jar:/Applications/IntelliJ IDEA.app/Contents/lib/idea_rt.jar
Launcher Type: SUN_STANDARD

Environment Variables:
PATH=/usr/local/opt/openjdk@8/bin:/usr/local/bin:/usr/bin:/bin:/usr/sbin:/sbin
SHELL=/bin/zsh

Signal Handlers:
SIGSEGV: [libjvm.dylib+0x58ea57], sa_mask[0]=11111111011111110111111111111111, sa_flags=SA_ONSTACK|SA_RESTART|SA_SIGINFO
SIGBUS: [libjvm.dylib+0x58ea57], sa_mask[0]=11111111011111110111111111111111, sa_flags=SA_RESTART|SA_SIGINFO
SIGFPE: [libjvm.dylib+0x488cd9], sa_mask[0]=11111111011111110111111111111111, sa_flags=SA_RESTART|SA_SIGINFO
SIGPIPE: [libjvm.dylib+0x488cd9], sa_mask[0]=11111111011111110111111111111111, sa_flags=SA_RESTART|SA_SIGINFO
SIGXFSZ: [libjvm.dylib+0x488cd9], sa_mask[0]=11111111011111110111111111111111, sa_flags=SA_RESTART|SA_SIGINFO
SIGILL: [libjvm.dylib+0x488cd9], sa_mask[0]=11111111011111110111111111111111, sa_flags=SA_RESTART|SA_SIGINFO
SIGUSR1: SIG_DFL, sa_mask[0]=00000000000000000000000000000000, sa_flags=none
SIGUSR2: [libjvm.dylib+0x4895af], sa_mask[0]=00100000000000000000000000000000, sa_flags=SA_RESTART|SA_SIGINFO
SIGHUP: [libjvm.dylib+0x4877bd], sa_mask[0]=11111111011111110111111111111111, sa_flags=SA_RESTART|SA_SIGINFO
SIGINT: [libjvm.dylib+0x4877bd], sa_mask[0]=11111111011111110111111111111111, sa_flags=SA_RESTART|SA_SIGINFO
SIGTERM: [libjvm.dylib+0x4877bd], sa_mask[0]=11111111011111110111111111111111, sa_flags=SA_RESTART|SA_SIGINFO
SIGQUIT: [libjvm.dylib+0x4877bd], sa_mask[0]=11111111011111110111111111111111, sa_flags=SA_RESTART|SA_SIGINFO


---------------  S Y S T E M  ---------------

OS:Bsduname:Darwin 19.6.0 Darwin Kernel Version 19.6.0: Tue Jun 21 21:18:39 PDT 2022; root:xnu-6153.141.66~1/RELEASE_X86_64 x86_64
rlimit: STACK 8192k, CORE 0k, NPROC 1392, NOFILE 10240, AS infinity
load average:2.40 2.39 2.40

CPU:total 4 (initial active 4) (2 cores per cpu, 2 threads per core) family 6 model 142 stepping 9, cmov, cx8, fxsr, mmx, sse, sse2, sse3, ssse3, sse4.1, sse4.2, popcnt, avx, avx2, aes, clmul, erms, rtm, 3dnowpref, lzcnt, ht, tsc, tscinvbit, bmi1, bmi2, adx

Memory: 4k page, physical 8388608k(71452k free)

/proc/meminfo:


vm_info: OpenJDK 64-Bit Server VM (25.345-b00) for bsd-amd64 JRE (1.8.0_345-bre_2022_08_04_23_33-b00), built on Aug  4 2022 23:39:34 by "brew" with gcc Apple LLVM 12.0.0 (clang-1200.0.32.29)

time: Fri Oct 14 20:08:12 2022
timezone: WEST
elapsed time: 4.369525 seconds (0d 0h 0m 4s)

